[0m[[0m[0mdebug[0m] [0m[0m> Exec(console, Some(3696362a-9dc3-432d-9755-0da6b9644714), Some(CommandSource(console0)))[0m
[0m[[0m[0mdebug[0m] [0m[0mEvaluating tasks: Compile / console[0m
[0m[[0m[0mdebug[0m] [0m[0mRunning task... Cancel: Signal, check cycles: false, forcegc: true[0m
[0m[[0m[0minfo[0m] [0m[0mcompiling 1 Scala source to C:\Users\salom\Desktop\ProyectoFuncional\target\scala-2.13\classes ...[0m
[0m[[0m[0minfo[0m] [0m[0mStarting scala interpreter...[0m
[0m[[0m[33mwarn[0m] [0m[0mIn the last 10 seconds, 5.472 (54,8%) were spent in GC. [Heap: 0,01GB free of 1,00GB, max 1,00GB] Consider increasing the JVM heap using `-Xmx` or try a different collector, e.g. `-XX:+UseG1GC`, for better performance.[0m
[0m[[0m[33mwarn[0m] [0m[0mIn the last 10 seconds, 10.618 (112,0%) were spent in GC. [Heap: 0,00GB free of 1,00GB, max 1,00GB] Consider increasing the JVM heap using `-Xmx` or try a different collector, e.g. `-XX:+UseG1GC`, for better performance.[0m
[0m[[0m[33mwarn[0m] [0m[0mIn the last 10 seconds, 17.196 (191,0%) were spent in GC. [Heap: 0,92GB free of 1,00GB, max 1,00GB] Consider increasing the JVM heap using `-Xmx` or try a different collector, e.g. `-XX:+UseG1GC`, for better performance.[0m
[0m[[0m[33mwarn[0m] [0m[0mIn the last 10 seconds, 5.203 (53,2%) were spent in GC. [Heap: 0,00GB free of 1,00GB, max 1,00GB] Consider increasing the JVM heap using `-Xmx` or try a different collector, e.g. `-XX:+UseG1GC`, for better performance.[0m
[0m[[0m[33mwarn[0m] [0m[0mIn the last 10 seconds, 9.087 (99,5%) were spent in GC. [Heap: 0,00GB free of 1,00GB, max 1,00GB] Consider increasing the JVM heap using `-Xmx` or try a different collector, e.g. `-XX:+UseG1GC`, for better performance.[0m
[0m[[0m[33mwarn[0m] [0m[0mIn the last 10 seconds, 9.792 (100,8%) were spent in GC. [Heap: 0,92GB free of 1,00GB, max 1,00GB] Consider increasing the JVM heap using `-Xmx` or try a different collector, e.g. `-XX:+UseG1GC`, for better performance.[0m
[0m[[0m[33mwarn[0m] [0m[0mIn the last 10 seconds, 5.567 (57,8%) were spent in GC. [Heap: 0,00GB free of 1,00GB, max 1,00GB] Consider increasing the JVM heap using `-Xmx` or try a different collector, e.g. `-XX:+UseG1GC`, for better performance.[0m
[0m[[0m[33mwarn[0m] [0m[0mIn the last 10 seconds, 11.558 (122,6%) were spent in GC. [Heap: 0,00GB free of 1,00GB, max 1,00GB] Consider increasing the JVM heap using `-Xmx` or try a different collector, e.g. `-XX:+UseG1GC`, for better performance.[0m
[0m[[0m[33mwarn[0m] [0m[0mIn the last 9 seconds, 11.212 (125,1%) were spent in GC. [Heap: 0,92GB free of 1,00GB, max 1,00GB] Consider increasing the JVM heap using `-Xmx` or try a different collector, e.g. `-XX:+UseG1GC`, for better performance.[0m
[0m[[0m[33mwarn[0m] [0m[0mIn the last 10 seconds, 5.56 (60,7%) were spent in GC. [Heap: 0,00GB free of 1,00GB, max 1,00GB] Consider increasing the JVM heap using `-Xmx` or try a different collector, e.g. `-XX:+UseG1GC`, for better performance.[0m
[0m[[0m[33mwarn[0m] [0m[0mIn the last 10 seconds, 9.602 (99,6%) were spent in GC. [Heap: 0,00GB free of 1,00GB, max 1,00GB] Consider increasing the JVM heap using `-Xmx` or try a different collector, e.g. `-XX:+UseG1GC`, for better performance.[0m
[0m[[0m[33mwarn[0m] [0m[0mIn the last 10 seconds, 8.991 (99,9%) were spent in GC. [Heap: 0,92GB free of 1,00GB, max 1,00GB] Consider increasing the JVM heap using `-Xmx` or try a different collector, e.g. `-XX:+UseG1GC`, for better performance.[0m
[0m[[0m[33mwarn[0m] [0m[0mIn the last 10 seconds, 5.075 (52,8%) were spent in GC. [Heap: 0,01GB free of 1,00GB, max 1,00GB] Consider increasing the JVM heap using `-Xmx` or try a different collector, e.g. `-XX:+UseG1GC`, for better performance.[0m
[0m[[0m[33mwarn[0m] [0m[0mIn the last 10 seconds, 9.778 (99,7%) were spent in GC. [Heap: 0,00GB free of 1,00GB, max 1,00GB] Consider increasing the JVM heap using `-Xmx` or try a different collector, e.g. `-XX:+UseG1GC`, for better performance.[0m
[0m[[0m[33mwarn[0m] [0m[0mIn the last 10 seconds, 13.98 (140,8%) were spent in GC. [Heap: 0,92GB free of 1,00GB, max 1,00GB] Consider increasing the JVM heap using `-Xmx` or try a different collector, e.g. `-XX:+UseG1GC`, for better performance.[0m
[0m[[0m[33mwarn[0m] [0m[0mIn the last 10 seconds, 5.628 (57,5%) were spent in GC. [Heap: 0,01GB free of 1,00GB, max 1,00GB] Consider increasing the JVM heap using `-Xmx` or try a different collector, e.g. `-XX:+UseG1GC`, for better performance.[0m
[0m[[0m[33mwarn[0m] [0m[0mIn the last 10 seconds, 10.644 (114,9%) were spent in GC. [Heap: 0,00GB free of 1,00GB, max 1,00GB] Consider increasing the JVM heap using `-Xmx` or try a different collector, e.g. `-XX:+UseG1GC`, for better performance.[0m
[0m[[0m[33mwarn[0m] [0m[0mIn the last 9 seconds, 9.449 (106,3%) were spent in GC. [Heap: 0,92GB free of 1,00GB, max 1,00GB] Consider increasing the JVM heap using `-Xmx` or try a different collector, e.g. `-XX:+UseG1GC`, for better performance.[0m
[0m[[0m[33mwarn[0m] [0m[0mIn the last 10 seconds, 5.409 (54,4%) were spent in GC. [Heap: 0,01GB free of 1,00GB, max 1,00GB] Consider increasing the JVM heap using `-Xmx` or try a different collector, e.g. `-XX:+UseG1GC`, for better performance.[0m
[0m[[0m[33mwarn[0m] [0m[0mIn the last 10 seconds, 9.771 (99,7%) were spent in GC. [Heap: 0,00GB free of 1,00GB, max 1,00GB] Consider increasing the JVM heap using `-Xmx` or try a different collector, e.g. `-XX:+UseG1GC`, for better performance.[0m
[0m[[0m[33mwarn[0m] [0m[0mIn the last 10 seconds, 12.037 (130,9%) were spent in GC. [Heap: 0,92GB free of 1,00GB, max 1,00GB] Consider increasing the JVM heap using `-Xmx` or try a different collector, e.g. `-XX:+UseG1GC`, for better performance.[0m
[0m[[0m[33mwarn[0m] [0m[0mCanceling execution...[0m
[0m[[0m[0mdebug[0m] [0m[0mForcing garbage collection...[0m
[0m[[0m[31merror[0m] [0m[0mCancelled: console[0m
[0m[[0m[31merror[0m] [0m[0mCancelled: console[0m
[0m[[0m[31merror[0m] [0m[0mUse 'last' for the full log.[0m
[0m[[0m[0mdebug[0m] [0m[0m> Exec(shell, None, None)[0m
